<?xml version="1.0" encoding="UTF-8"?>
<!-- Generated by org.testng.reporters.JUnitReportReporter -->
<testsuite name="runner.RunTestNg" tests="3" time="49.671" ignored="0" failures="0" timestamp="14 Oct 2017 17:33:21 GMT" skipped="0" hostname="dmin-PC" errors="0">
  <testcase name="runScenario" time="13.424" classname="runner.RunTestNg"/>
  <testcase name="runScenario" time="12.033" classname="runner.RunTestNg"/>
  <testcase name="runScenario" time="24.214" classname="runner.RunTestNg"/>
</testsuite> <!-- runner.RunTestNg -->
